	Warning:  warning, (EE) error, (NI) not implemented, (??) unknown.
[    38.113] Warning:  The directory "/usr/share/fonts/X11/cyrillic" does not exist.
[    38.113] Warning:  The directory "/usr/share/fonts/X11/100dpi/" does not exist.
[    38.113] Warning:  The directory "/usr/share/fonts/X11/75dpi/" does not exist.
[    38.113] Warning:  The directory "/usr/share/fonts/X11/100dpi" does not exist.
[    38.113] Warning:  The directory "/usr/share/fonts/X11/75dpi" does not exist.
[    38.631] Warning:  Falling back to old probe method for fbdev
[    38.631] Warning:  Falling back to old probe method for vesa
	(++) from command line, (!!) notice, Information:  informational,
[    38.113] Information:  The server relies on udev to provide the list of input devices.
[    38.113] Information:  Loader magic: 0x55cc07f0be00
[    38.113] Information:  Module ABI versions:
[    38.114] Information:  systemd-logind: logind integration requires -keeptty and -keeptty was not provided, disabling logind integration
[    38.114] Information:  xfree86: Adding drm device (/dev/dri/card1)
[    38.131] Information:  xfree86: Adding drm device (/dev/dri/card0)
[    38.133] Information:  LoadModule: "glx"
[    38.177] Information:  Loading /usr/lib/xorg/modules/extensions/libglx.so
[    38.352] Information:  Module glx: vendor="X.Org Foundation"
[    38.352] Information:  Applying OutputClass "Radeon" to /dev/dri/card0
[    38.352] Information:  LoadModule: "radeon"
[    38.352] Information:  Loading /usr/lib/xorg/modules/drivers/radeon_drv.so
[    38.626] Information:  Module radeon: vendor="X.Org Foundation"
[    38.626] Information:  LoadModule: "ati"
[    38.627] Information:  Loading /usr/lib/xorg/modules/drivers/ati_drv.so
[    38.627] Information:  Module ati: vendor="X.Org Foundation"
[    38.627] Information:  LoadModule: "modesetting"
[    38.627] Information:  Loading /usr/lib/xorg/modules/drivers/modesetting_drv.so
[    38.627] Information:  Module modesetting: vendor="X.Org Foundation"
[    38.627] Information:  LoadModule: "fbdev"
[    38.627] Information:  Loading /usr/lib/xorg/modules/drivers/fbdev_drv.so
[    38.627] Information:  Module fbdev: vendor="X.Org Foundation"
[    38.627] Information:  LoadModule: "vesa"
[    38.627] Information:  Loading /usr/lib/xorg/modules/drivers/vesa_drv.so
[    38.627] Information:  Module vesa: vendor="X.Org Foundation"
[    38.627] Information:  RADEON: Driver for ATI/AMD Radeon chipsets:
[    38.629] Information:  modesetting: Driver for Modesetting Kernel Drivers: kms
[    38.629] Information:  FBDEV: driver for framebuffer: fbdev
[    38.629] Information:  VESA: driver for VESA chipsets: vesa
[    38.630] Information:  [KMS] Kernel modesetting enabled.
[    38.631] Information:  modeset(0): using drv /dev/dri/card1
[    38.631] Information:  Loading sub module "fbdevhw"
[    38.631] Information:  LoadModule: "fbdevhw"
[    38.631] Information:  Loading /usr/lib/xorg/modules/libfbdevhw.so
[    38.631] Information:  Module fbdevhw: vendor="X.Org Foundation"
[    38.631] Information:  modeset(0): Creating default Display subsection in Screen section
[    38.631] Information:  Loading sub module "glamoregl"
[    38.631] Information:  LoadModule: "glamoregl"
[    38.631] Information:  Loading /usr/lib/xorg/modules/libglamoregl.so
[    38.796] Information:  Module glamoregl: vendor="X.Org Foundation"
[    38.796] Information:  glamor: OpenGL accelerated X.org driver based.
[    39.214] Information:  glamor: EGL version 1.4 (DRI2):
[    39.224] Information:  modeset(0): glamor initialized
[    39.225] Information:  modeset(0): Output eDP-1 has no monitor section
[    39.237] Information:  modeset(0): Output HDMI-1 has no monitor section
[    39.239] Information:  modeset(0): EDID for output eDP-1
[    39.239] Information:  modeset(0): Manufacturer: AUO  Model: 71ec  Serial#: 0
[    39.239] Information:  modeset(0): Year: 2015  Week: 1
[    39.239] Information:  modeset(0): EDID Version: 1.4
[    39.239] Information:  modeset(0): Digital Display Input
[    39.239] Information:  modeset(0): 6 bits per channel
[    39.239] Information:  modeset(0): Digital interface is DisplayPort
[    39.239] Information:  modeset(0): Max Image Size [cm]: horiz.: 34  vert.: 19
[    39.239] Information:  modeset(0): Gamma: 2.20
[    39.239] Information:  modeset(0): No DPMS capabilities specified
[    39.239] Information:  modeset(0): Supported color encodings: RGB 4:4:4 
[    39.239] Information:  modeset(0): First detailed timing is preferred mode
[    39.239] Information:  modeset(0): Preferred mode is native pixel format and refresh rate
[    39.239] Information:  modeset(0): redX: 0.575 redY: 0.345   greenX: 0.340 greenY: 0.570
[    39.239] Information:  modeset(0): blueX: 0.160 blueY: 0.135   whiteX: 0.313 whiteY: 0.329
[    39.239] Information:  modeset(0): Manufacturer's mask: 0
[    39.239] Information:  modeset(0): Supported detailed timing:
[    39.239] Information:  modeset(0): clock: 76.3 MHz   Image Size:  344 x 193 mm
[    39.239] Information:  modeset(0): h_active: 1366  h_sync: 1374  h_sync_end 1384 h_blank_end 1558 h_border: 0
[    39.239] Information:  modeset(0): v_active: 768  v_sync: 771  v_sync_end 772 v_blanking: 816 v_border: 0
[    39.239] Information:  modeset(0): Supported detailed timing:
[    39.239] Information:  modeset(0): clock: 50.9 MHz   Image Size:  344 x 193 mm
[    39.239] Information:  modeset(0): h_active: 1366  h_sync: 1374  h_sync_end 1384 h_blank_end 1558 h_border: 0
[    39.239] Information:  modeset(0): v_active: 768  v_sync: 771  v_sync_end 772 v_blanking: 816 v_border: 0
[    39.239] Information:  modeset(0): Unknown vendor-specific block 2
[    39.239] Information:  modeset(0): EDID (in hex):
[    39.239] Information:  modeset(0): 	00ffffffffffff0006afec7100000000
[    39.239] Information:  modeset(0): 	01190104952213780250259358579229
[    39.239] Information:  modeset(0): 	22505400000001010101010101010101
[    39.239] Information:  modeset(0): 	010101010101ce1d56c050003030080a
[    39.239] Information:  modeset(0): 	310058c110000018df1356c050003030
[    39.239] Information:  modeset(0): 	080a310058c110000018000000000000
[    39.239] Information:  modeset(0): 	00000000000000000000000000000002
[    39.239] Information:  modeset(0): 	001048ff0f3c6e1f14226e20202000a3
[    39.239] Information:  modeset(0): Printing probed modes for output eDP-1
[    39.239] Information:  modeset(0): Modeline "1366x768"x60.0   76.30  1366 1374 1384 1558  768 771 772 816 -hsync -vsync (49.0 kHz eP)
[    39.239] Information:  modeset(0): Modeline "1366x768"x40.0   50.87  1366 1374 1384 1558  768 771 772 816 -hsync -vsync (32.7 kHz e)
[    39.239] Information:  modeset(0): Modeline "1360x768"x59.8   84.75  1360 1432 1568 1776  768 771 781 798 -hsync +vsync (47.7 kHz d)
[    39.239] Information:  modeset(0): Modeline "1360x768"x60.0   72.00  1360 1408 1440 1520  768 771 781 790 +hsync -vsync (47.4 kHz d)
[    39.239] Information:  modeset(0): Modeline "1280x720"x120.0  156.12  1280 1376 1512 1744  720 721 724 746 doublescan -hsync +vsync (89.5 kHz d)
[    39.239] Information:  modeset(0): Modeline "1280x720"x120.0  120.75  1280 1304 1320 1360  720 721 724 740 doublescan +hsync -vsync (88.8 kHz d)
[    39.239] Information:  modeset(0): Modeline "1280x720"x59.9   74.50  1280 1344 1472 1664  720 723 728 748 -hsync +vsync (44.8 kHz d)
[    39.239] Information:  modeset(0): Modeline "1280x720"x59.7   63.75  1280 1328 1360 1440  720 723 728 741 +hsync -vsync (44.3 kHz d)
[    39.239] Information:  modeset(0): Modeline "1024x768"x120.1  133.47  1024 1100 1212 1400  768 768 770 794 doublescan -hsync +vsync (95.3 kHz d)
[    39.239] Information:  modeset(0): Modeline "1024x768"x60.0   65.00  1024 1048 1184 1344  768 771 777 806 -hsync -vsync (48.4 kHz d)
[    39.239] Information:  modeset(0): Modeline "960x720"x120.0  117.00  960 1024 1128 1300  720 720 722 750 doublescan -hsync +vsync (90.0 kHz d)
[    39.239] Information:  modeset(0): Modeline "928x696"x120.1  109.15  928 976 1088 1264  696 696 698 719 doublescan -hsync +vsync (86.4 kHz d)
[    39.239] Information:  modeset(0): Modeline "896x672"x120.0  102.40  896 960 1060 1224  672 672 674 697 doublescan -hsync +vsync (83.7 kHz d)
[    39.239] Information:  modeset(0): Modeline "1024x576"x119.9   98.50  1024 1092 1200 1376  576 577 580 597 doublescan -hsync +vsync (71.6 kHz d)
[    39.239] Information:  modeset(0): Modeline "1024x576"x119.9   78.38  1024 1048 1064 1104  576 577 580 592 doublescan +hsync -vsync (71.0 kHz d)
[    39.239] Information:  modeset(0): Modeline "1024x576"x59.9   46.50  1024 1064 1160 1296  576 579 584 599 -hsync +vsync (35.9 kHz d)
[    39.239] Information:  modeset(0): Modeline "1024x576"x59.8   42.00  1024 1072 1104 1184  576 579 584 593 +hsync -vsync (35.5 kHz d)
[    39.239] Information:  modeset(0): Modeline "960x600"x119.9   96.62  960 1028 1128 1296  600 601 604 622 doublescan -hsync +vsync (74.6 kHz d)
[    39.239] Information:  modeset(0): Modeline "960x600"x120.0   77.00  960 984 1000 1040  600 601 604 617 doublescan +hsync -vsync (74.0 kHz d)
[    39.239] Information:  modeset(0): Modeline "960x540"x119.9   86.50  960 1024 1124 1288  540 541 544 560 doublescan -hsync +vsync (67.2 kHz d)
[    39.239] Information:  modeset(0): Modeline "960x540"x120.0   69.25  960 984 1000 1040  540 541 544 555 doublescan +hsync -vsync (66.6 kHz d)
[    39.239] Information:  modeset(0): Modeline "960x540"x59.6   40.75  960 992 1088 1216  540 543 548 562 -hsync +vsync (33.5 kHz d)
[    39.239] Information:  modeset(0): Modeline "960x540"x59.8   37.25  960 1008 1040 1120  540 543 548 556 +hsync -vsync (33.3 kHz d)
[    39.239] Information:  modeset(0): Modeline "800x600"x120.0   81.00  800 832 928 1080  600 600 602 625 doublescan +hsync +vsync (75.0 kHz d)
[    39.239] Information:  modeset(0): Modeline "800x600"x60.3   40.00  800 840 968 1056  600 601 605 628 +hsync +vsync (37.9 kHz d)
[    39.239] Information:  modeset(0): Modeline "800x600"x56.2   36.00  800 824 896 1024  600 601 603 625 +hsync +vsync (35.2 kHz d)
[    39.239] Information:  modeset(0): Modeline "840x525"x120.0   73.12  840 892 980 1120  525 526 529 544 doublescan -hsync +vsync (65.3 kHz d)
[    39.239] Information:  modeset(0): Modeline "840x525"x119.8   59.50  840 864 880 920  525 526 529 540 doublescan +hsync -vsync (64.7 kHz d)
[    39.239] Information:  modeset(0): Modeline "864x486"x59.9   32.50  864 888 968 1072  486 489 494 506 -hsync +vsync (30.3 kHz d)
[    39.239] Information:  modeset(0): Modeline "864x486"x59.6   30.50  864 912 944 1024  486 489 494 500 +hsync -vsync (29.8 kHz d)
[    39.239] Information:  modeset(0): Modeline "800x512"x120.3   51.56  800 800 828 832  512 512 514 515 doublescan +hsync +vsync (62.0 kHz d)
[    39.239] Information:  modeset(0): Modeline "700x525"x120.0   61.00  700 744 820 940  525 526 532 541 doublescan +hsync +vsync (64.9 kHz d)
[    39.239] Information:  modeset(0): Modeline "800x450"x119.9   59.12  800 848 928 1056  450 451 454 467 doublescan -hsync +vsync (56.0 kHz d)
[    39.239] Information:  modeset(0): Modeline "800x450"x119.6   48.75  800 824 840 880  450 451 454 463 doublescan +hsync -vsync (55.4 kHz d)
[    39.239] Information:  modeset(0): Modeline "640x512"x120.0   54.00  640 664 720 844  512 512 514 533 doublescan +hsync +vsync (64.0 kHz d)
[    39.239] Information:  modeset(0): Modeline "720x450"x119.8   53.25  720 760 836 952  450 451 454 467 doublescan -hsync +vsync (55.9 kHz d)
[    39.239] Information:  modeset(0): Modeline "700x450"x119.9   51.75  700 740 812 924  450 451 456 467 doublescan -hsync +vsync (56.0 kHz d)
[    39.239] Information:  modeset(0): Modeline "700x450"x119.8   43.25  700 724 740 780  450 451 456 463 doublescan +hsync -vsync (55.4 kHz d)
[    39.239] Information:  modeset(0): Modeline "640x480"x120.0   54.00  640 688 744 900  480 480 482 500 doublescan +hsync +vsync (60.0 kHz d)
[    39.239] Information:  modeset(0): Modeline "640x480"x59.9   25.18  640 656 752 800  480 490 492 525 -hsync -vsync (31.5 kHz d)
[    39.239] Information:  modeset(0): Modeline "720x405"x59.5   22.50  720 744 808 896  405 408 413 422 -hsync +vsync (25.1 kHz d)
[    39.239] Information:  modeset(0): Modeline "720x405"x59.0   21.75  720 768 800 880  405 408 413 419 +hsync -vsync (24.7 kHz d)
[    39.239] Information:  modeset(0): Modeline "684x384"x119.8   42.62  684 720 788 892  384 385 390 399 doublescan -hsync +vsync (47.8 kHz d)
[    39.239] Information:  modeset(0): Modeline "684x384"x119.7   36.12  684 708 724 764  384 385 390 395 doublescan +hsync -vsync (47.3 kHz d)
[    39.239] Information:  modeset(0): Modeline "680x384"x119.6   42.38  680 716 784 888  384 385 390 399 doublescan -hsync +vsync (47.7 kHz d)
[    39.239] Information:  modeset(0): Modeline "680x384"x119.9   36.00  680 704 720 760  384 385 390 395 doublescan +hsync -vsync (47.4 kHz d)
[    39.239] Information:  modeset(0): Modeline "640x400"x119.8   41.75  640 676 740 840  400 401 404 415 doublescan -hsync +vsync (49.7 kHz d)
[    39.239] Information:  modeset(0): Modeline "640x400"x120.0   35.50  640 664 680 720  400 401 404 411 doublescan +hsync -vsync (49.3 kHz d)
[    39.239] Information:  modeset(0): Modeline "576x432"x120.1   40.81  576 608 668 760  432 432 434 447 doublescan -hsync +vsync (53.7 kHz d)
[    39.239] Information:  modeset(0): Modeline "640x360"x119.7   37.25  640 672 736 832  360 361 364 374 doublescan -hsync +vsync (44.8 kHz d)
[    39.239] Information:  modeset(0): Modeline "640x360"x119.7   31.88  640 664 680 720  360 361 364 370 doublescan +hsync -vsync (44.3 kHz d)
[    39.239] Information:  modeset(0): Modeline "640x360"x59.8   18.00  640 664 720 800  360 363 368 376 -hsync +vsync (22.5 kHz d)
[    39.239] Information:  modeset(0): Modeline "640x360"x59.3   17.75  640 688 720 800  360 363 368 374 +hsync -vsync (22.2 kHz d)
[    39.239] Information:  modeset(0): Modeline "512x384"x120.0   32.50  512 524 592 672  384 385 388 403 doublescan -hsync -vsync (48.4 kHz d)
[    39.239] Information:  modeset(0): Modeline "512x288"x120.0   23.25  512 532 580 648  288 289 292 299 doublescan -hsync +vsync (35.9 kHz d)
[    39.239] Information:  modeset(0): Modeline "512x288"x119.8   21.00  512 536 552 592  288 289 292 296 doublescan +hsync -vsync (35.5 kHz d)
[    39.239] Information:  modeset(0): Modeline "480x270"x119.3   20.38  480 496 544 608  270 271 274 281 doublescan -hsync +vsync (33.5 kHz d)
[    39.239] Information:  modeset(0): Modeline "480x270"x119.6   18.62  480 504 520 560  270 271 274 278 doublescan +hsync -vsync (33.3 kHz d)
[    39.239] Information:  modeset(0): Modeline "400x300"x120.6   20.00  400 420 484 528  300 300 302 314 doublescan +hsync +vsync (37.9 kHz d)
[    39.239] Information:  modeset(0): Modeline "400x300"x112.7   18.00  400 412 448 512  300 300 301 312 doublescan +hsync +vsync (35.2 kHz d)
[    39.239] Information:  modeset(0): Modeline "432x243"x119.8   16.25  432 444 484 536  243 244 247 253 doublescan -hsync +vsync (30.3 kHz d)
[    39.239] Information:  modeset(0): Modeline "432x243"x119.1   15.25  432 456 472 512  243 244 247 250 doublescan +hsync -vsync (29.8 kHz d)
[    39.239] Information:  modeset(0): Modeline "320x240"x120.1   12.59  320 328 376 400  240 245 246 262 doublescan -hsync -vsync (31.5 kHz d)
[    39.239] Information:  modeset(0): Modeline "360x202"x119.0   11.25  360 372 404 448  202 204 206 211 doublescan -hsync +vsync (25.1 kHz d)
[    39.239] Information:  modeset(0): Modeline "360x202"x118.3   10.88  360 384 400 440  202 204 206 209 doublescan +hsync -vsync (24.7 kHz d)
[    39.239] Information:  modeset(0): Modeline "320x180"x119.7    9.00  320 332 360 400  180 181 184 188 doublescan -hsync +vsync (22.5 kHz d)
[    39.239] Information:  modeset(0): Modeline "320x180"x118.6    8.88  320 344 360 400  180 181 184 187 doublescan +hsync -vsync (22.2 kHz d)
[    39.251] Information:  modeset(0): EDID for output HDMI-1
[    39.251] Information:  modeset(0): Output eDP-1 connected
[    39.251] Information:  modeset(0): Output HDMI-1 disconnected
[    39.251] Information:  modeset(0): Using exact sizes for initial modes
[    39.251] Information:  modeset(0): Output eDP-1 using initial mode 1366x768 +0+0
[    39.251] Information:  Loading sub module "fb"
[    39.251] Information:  LoadModule: "fb"
[    39.251] Information:  Loading /usr/lib/xorg/modules/libfb.so
[    39.251] Information:  Module fb: vendor="X.Org Foundation"
[    39.251] Information:  RADEON(G0): Pixel depth = 24 bits stored in 4 bytes (32 bpp pixmaps)
[    39.251] Information:  RADEON(G0): Using 8 bits per RGB (8 bit DAC)
[    39.251] Information:  Loading sub module "fb"
[    39.251] Information:  LoadModule: "fb"
[    39.251] Information:  Loading /usr/lib/xorg/modules/libfb.so
[    39.251] Information:  Module fb: vendor="X.Org Foundation"
[    39.251] Information:  Loading sub module "dri2"
[    39.251] Information:  LoadModule: "dri2"
[    39.251] Information:  Module "dri2" already built-in
[    39.251] Information:  Loading sub module "glamoregl"
[    39.251] Information:  LoadModule: "glamoregl"
[    39.251] Information:  Loading /usr/lib/xorg/modules/libglamoregl.so
[    39.251] Information:  Module glamoregl: vendor="X.Org Foundation"
[    39.251] Information:  glamor: OpenGL accelerated X.org driver based.
[    40.068] Information:  glamor: EGL version 1.5 (DRI2):
[    40.070] Information:  RADEON(G0): glamor detected, initialising EGL layer.
[    40.070] Information:  RADEON(G0): KMS Color Tiling: enabled
[    40.070] Information:  RADEON(G0): KMS Color Tiling 2D: enabled
[    40.070] Information:  RADEON(G0): mem size init: gart size :7fbcf000 vram size: s:80000000 visible:fbbe000
[    40.070] Information:  Loading sub module "ramdac"
[    40.070] Information:  LoadModule: "ramdac"
[    40.070] Information:  Module "ramdac" already built-in
[    40.070] Information:  UnloadModule: "fbdev"
[    40.070] Information:  Unloading fbdev
[    40.070] Information:  UnloadSubModule: "fbdevhw"
[    40.070] Information:  Unloading fbdevhw
[    40.070] Information:  UnloadModule: "vesa"
[    40.070] Information:  Unloading vesa
[    40.070] Information:  RADEON(G0): [DRI2] Setup complete
[    40.070] Information:  RADEON(G0): [DRI2]   DRI driver: radeonsi
[    40.070] Information:  RADEON(G0): [DRI2]   VDPAU driver: radeonsi
[    40.070] Information:  RADEON(G0): Front buffer size: 3072K
[    40.070] Information:  RADEON(G0): VRAM usage limit set to 229240K
[    40.070] Information:  RADEON(G0): Direct rendering enabled
[    40.071] Information:  RADEON(G0): Use GLAMOR acceleration.
[    40.071] Information:  RADEON(G0): Acceleration enabled
[    40.071] Information:  RADEON(G0): RandR 1.2 enabled, ignore the following RandR disabled message.
[    40.398] Information:  modeset(0): RandR 1.2 enabled, ignore the following RandR disabled message.
[    40.463] Information:  modeset(0): [DRI2] Setup complete
[    40.463] Information:  modeset(0): [DRI2]   DRI driver: i965
[    40.463] Information:  modeset(0): [DRI2]   VDPAU driver: i965
[    40.466] Information:  SELinux: Disabled on system
[    40.470] Information:  AIGLX: enabled GLX_MESA_copy_sub_buffer
[    40.470] Information:  AIGLX: enabled GLX_ARB_create_context
[    40.470] Information:  AIGLX: enabled GLX_ARB_create_context_profile
[    40.470] Information:  AIGLX: enabled GLX_EXT_create_context_es{,2}_profile
[    40.470] Information:  AIGLX: enabled GLX_INTEL_swap_event
[    40.470] Information:  AIGLX: enabled GLX_SGI_swap_control
[    40.470] Information:  AIGLX: enabled GLX_EXT_framebuffer_sRGB
[    40.470] Information:  AIGLX: enabled GLX_ARB_fbconfig_float
[    40.470] Information:  AIGLX: enabled GLX_EXT_fbconfig_packed_float
[    40.470] Information:  AIGLX: GLX_EXT_texture_from_pixmap backed by buffer objects
[    40.470] Information:  AIGLX: enabled GLX_ARB_create_context_robustness
[    40.470] Information:  AIGLX: Loaded and initialized i965
[    40.470] Information:  GLX: Initialized DRI2 GL provider for screen 0
[    40.473] Information:  modeset(0): Damage tracking initialized
[    40.473] Information:  modeset(0): Setting screen physical size to 361 x 203
[    40.564] Information:  config/udev: Adding input device Power Button (/dev/input/event1)
[    40.564] Information:  LoadModule: "evdev"
[    40.564] Information:  Loading /usr/lib/xorg/modules/input/evdev_drv.so
[    40.582] Information:  Module evdev: vendor="X.Org Foundation"
[    40.582] Information:  Using input driver 'evdev' for 'Power Button'
[    40.583] Information:  evdev: Power Button: Configuring as keyboard
[    40.583] Information:  XINPUT: Adding extended input device "Power Button" (type: KEYBOARD, id 6)
[    40.595] Information:  config/udev: Adding input device Video Bus (/dev/input/event3)
[    40.595] Information:  Using input driver 'evdev' for 'Video Bus'
[    40.595] Information:  evdev: Video Bus: Configuring as keyboard
[    40.595] Information:  XINPUT: Adding extended input device "Video Bus" (type: KEYBOARD, id 7)
[    40.595] Information:  config/udev: Adding input device Lid Switch (/dev/input/event0)
[    40.595] Information:  No input driver specified, ignoring this device.
[    40.595] Information:  This device may have been added with another device file.
[    40.596] Information:  config/udev: Adding input device HP TrueVision HD Camera: HP Tru (/dev/input/event7)
[    40.596] Information:  Using input driver 'evdev' for 'HP TrueVision HD Camera: HP Tru'
[    40.596] Information:  evdev: HP TrueVision HD Camera: HP Tru: Configuring as keyboard
[    40.596] Information:  XINPUT: Adding extended input device "HP TrueVision HD Camera: HP Tru" (type: KEYBOARD, id 8)
[    40.596] Information:  config/udev: Adding input device HDA Intel PCH Headphone (/dev/input/event9)
[    40.596] Information:  No input driver specified, ignoring this device.
[    40.596] Information:  This device may have been added with another device file.
[    40.596] Information:  config/udev: Adding input device HDA Intel PCH HDMI/DP,pcm=3 (/dev/input/event10)
[    40.596] Information:  No input driver specified, ignoring this device.
[    40.596] Information:  This device may have been added with another device file.
[    40.597] Information:  config/udev: Adding input device HDA Intel PCH HDMI/DP,pcm=7 (/dev/input/event11)
[    40.597] Information:  No input driver specified, ignoring this device.
[    40.597] Information:  This device may have been added with another device file.
[    40.597] Information:  config/udev: Adding input device HDA Intel PCH HDMI/DP,pcm=8 (/dev/input/event12)
[    40.597] Information:  No input driver specified, ignoring this device.
[    40.597] Information:  This device may have been added with another device file.
[    40.597] Information:  config/udev: Adding input device HDA Intel PCH HDMI/DP,pcm=9 (/dev/input/event13)
[    40.597] Information:  No input driver specified, ignoring this device.
[    40.597] Information:  This device may have been added with another device file.
[    40.597] Information:  config/udev: Adding input device HDA Intel PCH HDMI/DP,pcm=10 (/dev/input/event14)
[    40.597] Information:  No input driver specified, ignoring this device.
[    40.597] Information:  This device may have been added with another device file.
[    40.597] Information:  config/udev: Adding input device HDA Intel PCH Mic (/dev/input/event8)
[    40.597] Information:  No input driver specified, ignoring this device.
[    40.597] Information:  This device may have been added with another device file.
[    40.598] Information:  config/udev: Adding input device AT Translated Set 2 keyboard (/dev/input/event2)
[    40.598] Information:  Using input driver 'evdev' for 'AT Translated Set 2 keyboard'
[    40.598] Information:  evdev: AT Translated Set 2 keyboard: Configuring as keyboard
[    40.598] Information:  XINPUT: Adding extended input device "AT Translated Set 2 keyboard" (type: KEYBOARD, id 9)
[    40.598] Information:  config/udev: Adding input device SynPS/2 Synaptics TouchPad (/dev/input/event4)
[    40.598] Information:  LoadModule: "synaptics"
[    40.598] Information:  Loading /usr/lib/xorg/modules/input/synaptics_drv.so
[    40.598] Information:  Module synaptics: vendor="X.Org Foundation"
[    40.598] Information:  Using input driver 'synaptics' for 'SynPS/2 Synaptics TouchPad'
[    40.680] Information:  XINPUT: Adding extended input device "SynPS/2 Synaptics TouchPad" (type: TOUCHPAD, id 10)
[    40.680] Information:  config/udev: Adding input device SynPS/2 Synaptics TouchPad (/dev/input/mouse0)
[    40.682] Information:  config/udev: Adding input device HP Wireless hotkeys (/dev/input/event5)
[    40.682] Information:  Using input driver 'evdev' for 'HP Wireless hotkeys'
[    40.682] Information:  evdev: HP Wireless hotkeys: Configuring as keyboard
[    40.682] Information:  XINPUT: Adding extended input device "HP Wireless hotkeys" (type: KEYBOARD, id 11)
[    40.682] Information:  config/udev: Adding input device HP WMI hotkeys (/dev/input/event6)
[    40.682] Information:  Using input driver 'evdev' for 'HP WMI hotkeys'
[    40.682] Information:  evdev: HP WMI hotkeys: Configuring as keyboard
[    40.682] Information:  XINPUT: Adding extended input device "HP WMI hotkeys" (type: KEYBOARD, id 12)
[    44.293] Information:  modeset(0): EDID vendor "AUO", prod id 29164
[    44.293] Information:  modeset(0): Printing DDC gathered Modelines:
[    44.293] Information:  modeset(0): Modeline "1366x768"x0.0   76.30  1366 1374 1384 1558  768 771 772 816 -hsync -vsync (49.0 kHz eP)
[    44.293] Information:  modeset(0): Modeline "1366x768"x0.0   50.87  1366 1374 1384 1558  768 771 772 816 -hsync -vsync (32.7 kHz e)
[    45.544] Information:  modeset(0): EDID vendor "AUO", prod id 29164
[    45.544] Information:  modeset(0): Printing DDC gathered Modelines:
[    45.544] Information:  modeset(0): Modeline "1366x768"x0.0   76.30  1366 1374 1384 1558  768 771 772 816 -hsync -vsync (49.0 kHz eP)
[    45.544] Information:  modeset(0): Modeline "1366x768"x0.0   50.87  1366 1374 1384 1558  768 771 772 816 -hsync -vsync (32.7 kHz e)
[   118.867] Information:  modeset(0): EDID vendor "AUO", prod id 29164
[   118.867] Information:  modeset(0): Printing DDC gathered Modelines:
[   118.867] Information:  modeset(0): Modeline "1366x768"x0.0   76.30  1366 1374 1384 1558  768 771 772 816 -hsync -vsync (49.0 kHz eP)
[   118.867] Information:  modeset(0): Modeline "1366x768"x0.0   50.87  1366 1374 1384 1558  768 771 772 816 -hsync -vsync (32.7 kHz e)
[   119.600] Information:  modeset(0): EDID vendor "AUO", prod id 29164
[   119.600] Information:  modeset(0): Printing DDC gathered Modelines:
[   119.600] Information:  modeset(0): Modeline "1366x768"x0.0   76.30  1366 1374 1384 1558  768 771 772 816 -hsync -vsync (49.0 kHz eP)
[   119.600] Information:  modeset(0): Modeline "1366x768"x0.0   50.87  1366 1374 1384 1558  768 771 772 816 -hsync -vsync (32.7 kHz e)
[   120.607] Information:  modeset(0): EDID vendor "AUO", prod id 29164
[   120.607] Information:  modeset(0): Printing DDC gathered Modelines:
[   120.607] Information:  modeset(0): Modeline "1366x768"x0.0   76.30  1366 1374 1384 1558  768 771 772 816 -hsync -vsync (49.0 kHz eP)
[   120.607] Information:  modeset(0): Modeline "1366x768"x0.0   50.87  1366 1374 1384 1558  768 771 772 816 -hsync -vsync (32.7 kHz e)
[   120.669] Information:  modeset(0): EDID vendor "AUO", prod id 29164
[   120.669] Information:  modeset(0): Printing DDC gathered Modelines:
[   120.669] Information:  modeset(0): Modeline "1366x768"x0.0   76.30  1366 1374 1384 1558  768 771 772 816 -hsync -vsync (49.0 kHz eP)
[   120.669] Information:  modeset(0): Modeline "1366x768"x0.0   50.87  1366 1374 1384 1558  768 771 772 816 -hsync -vsync (32.7 kHz e)
