1:systemd
2:kthreadd
4:kworker/0:0H
6:mm_percpu_wq
7:ksoftirqd/0
8:rcu_sched
9:rcu_bh
10:migration/0
11:watchdog/0
12:cpuhp/0
13:cpuhp/1
14:watchdog/1
15:migration/1
16:ksoftirqd/1
18:kworker/1:0H
19:cpuhp/2
20:watchdog/2
21:migration/2
22:ksoftirqd/2
24:kworker/2:0H
25:cpuhp/3
26:watchdog/3
27:migration/3
28:ksoftirqd/3
30:kworker/3:0H
31:cpuhp/4
32:watchdog/4
33:migration/4
34:ksoftirqd/4
36:kworker/4:0H
37:cpuhp/5
38:watchdog/5
39:migration/5
40:ksoftirqd/5
42:kworker/5:0H
43:cpuhp/6
44:watchdog/6
45:migration/6
46:ksoftirqd/6
48:kworker/6:0H
49:cpuhp/7
50:watchdog/7
51:migration/7
52:ksoftirqd/7
54:kworker/7:0H
55:kdevtmpfs
56:netns
57:rcu_tasks_kthre
58:kauditd
62:khungtaskd
63:oom_reaper
64:writeback
65:kcompactd0
66:ksmd
67:khugepaged
68:crypto
69:kintegrityd
70:kblockd
76:ata_sff
77:md
78:edac-poller
79:devfreq_wq
80:watchdogd
84:kswapd0
86:ecryptfs-kthrea
128:kthrotld
129:acpi_thermal_pm
133:ipv6_addrconf
142:kstrp
159:charger_manager
208:scsi_eh_0
209:scsi_tmf_0
210:scsi_eh_1
211:scsi_tmf_1
213:scsi_eh_2
214:scsi_tmf_2
221:kworker/2:1H
252:jbd2/sda6-8
253:ext4-rsv-conver
281:kworker/6:1H
288:systemd-journal
298:kworker/1:1H
302:kworker/7:1H
315:kworker/3:1H
323:kworker/4:1H
337:loop0
338:kworker/5:1H
340:loop1
342:loop2
344:loop3
346:loop4
348:loop5
350:loop6
352:loop7
355:loop8
356:kworker/0:1H
357:loop9
362:loop10
363:loop11
366:loop12
367:loop13
368:loop14
371:loop15
372:loop16
373:loop17
377:loop18
384:systemd-udevd
385:loop19
386:loop20
387:loop21
388:loop22
389:loop23
390:loop24
392:loop25
393:loop26
475:cfg80211
476:irq/129-iwlwifi
584:ttm_swap
586:i915/signal:0
587:i915/signal:1
588:i915/signal:2
589:i915/signal:4
1064:systemd-resolve
1065:systemd-timesyn
1068:ModemManager
1069:irqbalance
1071:thermald
1075:freshclam
1076:accounts-daemon
1077:cupsd
1078:dbus-daemon
1087:wpa_supplicant
1090:bluetoothd
1096:systemd-logind
1097:networkd-dispat
1098:avahi-daemon
1099:udisksd
1100:rsyslogd
1101:acpid
1103:NetworkManager
1119:cron
1120:snapd
1135:polkitd
1180:avahi-daemon
1185:cups-browsed
1195:unattended-upgr
1209:gdm3
1226:gdm-session-wor
1264:systemd
1265:(sd-pam)
1299:gdm-wayland-ses
1301:dbus-daemon
1303:gnome-session-b
1311:gnome-shell
1318:upowerd
1332:whoopsie
1334:kerneloops
1337:kerneloops
1348:Xwayland
1360:at-spi-bus-laun
1365:dbus-daemon
1367:at-spi2-registr
1371:pulseaudio
1372:rtkit-daemon
1401:ibus-daemon
1403:xdg-permission-
1408:ibus-dconf
1410:ibus-x11
1413:ibus-portal
1427:boltd
1428:packagekitd
1429:gsd-xsettings
1432:gsd-a11y-settin
1433:gsd-clipboard
1434:gsd-color
1437:gsd-datetime
1438:gsd-housekeepin
1439:gsd-keyboard
1440:gsd-media-keys
1444:gsd-mouse
1445:gsd-power
1446:gsd-print-notif
1449:gsd-rfkill
1454:gsd-screensaver
1458:gsd-sharing
1460:gsd-smartcard
1464:gsd-sound
1470:gsd-wacom
1485:ibus-engine-sim
1525:colord
1693:gdm-session-wor
1698:systemd
1700:(sd-pam)
1713:gnome-keyring-d
1717:gdm-x-session
1719:Xorg
1870:dbus-daemon
1873:gnome-session-b
1978:ssh-agent
1981:at-spi-bus-laun
1986:dbus-daemon
1988:at-spi2-registr
2002:gvfsd
2007:gvfsd-fuse
2017:gnome-shell
2034:pulseaudio
2038:krfcommd
2054:ibus-daemon
2057:xdg-permission-
2062:ibus-dconf
2064:ibus-x11
2066:ibus-portal
2077:gnome-shell-cal
2086:gvfs-udisks2-vo
2090:gvfs-gphoto2-vo
2094:gvfs-afc-volume
2098:evolution-sourc
2103:gvfs-goa-volume
2107:goa-daemon
2120:goa-identity-se
2125:gvfs-mtp-volume
2133:gsd-power
2134:gsd-print-notif
2137:gsd-rfkill
2138:gsd-screensaver
2139:gsd-sharing
2142:gsd-smartcard
2147:gsd-xsettings
2150:gsd-sound
2160:gsd-wacom
2167:gsd-a11y-settin
2168:gsd-clipboard
2171:gsd-color
2175:gsd-datetime
2177:gsd-housekeepin
2178:gsd-keyboard
2182:gsd-media-keys
2186:gsd-mouse
2217:gsd-printer
2232:evolution-calen
2240:nautilus-deskto
2246:indicator-messa
2247:gsd-disk-utilit
2265:ibus-engine-sim
2282:gvfsd-trash
2300:evolution-calen
2304:dconf-service
2315:evolution-addre
2328:evolution-addre
2353:gvfsd-metadata
2356:zeitgeist-datah
2366:zeitgeist-daemo
2386:zeitgeist-fts
2634:update-notifier
2638:gnome-software
2725:fwupd
2766:Telegram
2789:xdg-document-po
2921:deja-dup-monito
3838:snap
4013:gvfsd-http
10266:chrome
10398:chrome
10400:chrome
10422:chrome
10429:chrome
10499:chrome
10511:chrome
10519:chrome
10529:chrome
11320:evince
11326:evinced
12376:kworker/u17:0
14076:kworker/4:1
16227:kworker/0:2
16514:kworker/5:1
16544:kworker/2:1
16553:kworker/3:2
16568:kworker/1:3
16637:kworker/u16:39
16652:kworker/6:2
16657:kworker/u17:1
17351:irq/128-mei_me
17441:dhclient
17564:chrome
17672:firefox
17753:Web Content
17806:WebExtensions
17970:Web Content
18088:gnome-terminal-
18098:bash
18128:kworker/7:1
18255:Web Content
18543:Web Content
18585:Web Content
18709:Web Content
19066:kworker/u16:2
19067:kworker/2:0
19075:kworker/3:0
19102:kworker/6:0
19103:kworker/0:0
19131:sd_espeak-ng
19146:sd_dummy
19149:sd_generic
19152:speech-dispatch
19156:kworker/4:0
19226:bash
19234:sudo
19235:apt
19271:kworker/1:1
19272:kworker/7:0
19311:kworker/u16:1
19351:kworker/5:0
19413:kworker/3:1
19516:kworker/u16:3
19631:kworker/6:1
19633:kworker/2:2
19635:kworker/0:1
19686:kworker/4:2
20372:kworker/7:2
20397:kworker/1:0
20421:Web Content
20472:dpkg
20506:Web Content
20831:kworker/3:3
20832:kworker/3:4
20833:kworker/3:5
20862:kworker/1:2
20864:kworker/1:4
20865:kworker/1:5
20879:kworker/1:6
20880:kworker/1:7
20899:kworker/5:2
20900:kworker/5:3
20910:kworker/5:4
20911:kworker/5:5
20931:kworker/4:3
20932:kworker/4:4
20933:kworker/4:5
20944:kworker/2:3
20958:apache2
20959:apache2
20960:apache2
21033:kworker/2:4
21036:kworker/2:5
21063:kworker/7:3
21064:kworker/7:4
21065:kworker/7:5
21100:kworker/4:6
21101:kworker/4:7
21190:bash
21191:ps
21192:tail
21193:sed
